<?xml version="1.0" encoding="UTF-8"?>
<!-- Generated by org.testng.reporters.JUnitReportReporter -->
<testsuite skipped="0" hostname="INDUR1NMPSFLT" name="tarvelSiteTest.expediaTravelSiteTest" tests="1" failures="0" timestamp="2020-07-23T19:24:45 IST" time="60.797" errors="0">
  <testcase name="bookingAndReservationTest" time="60.797" classname="tarvelSiteTest.expediaTravelSiteTest"/>
  <system-out/>
</testsuite> <!-- tarvelSiteTest.expediaTravelSiteTest -->
