<?xml version="1.0" encoding="UTF-8"?>
<!-- Generated by org.testng.reporters.JUnitReportReporter -->
<testsuite skipped="0" hostname="INDUR1NMPSFLT" name="smokeTest.LoginPHPTravelsPOM" tests="1" failures="0" timestamp="2020-07-24T15:31:42 IST" time="77.988" errors="0">
  <testcase name="loginPOM" time="77.988" classname="smokeTest.LoginPHPTravelsPOM"/>
  <system-out/>
</testsuite> <!-- smokeTest.LoginPHPTravelsPOM -->
