<?xml version="1.0" encoding="UTF-8"?>
<!-- Generated by org.testng.reporters.JUnitReportReporter -->
<testsuite skipped="0" hostname="INDUR1NMPSFLT" name="smokeTest.loginPhpTravelsTest" tests="2" failures="0" timestamp="2020-07-21T19:24:54 IST" time="2.660" errors="0">
  <testcase name="aTagsTest" time="0.727" classname="smokeTest.loginPhpTravelsTest"/>
  <system-out/>
  <testcase name="loginTest" time="1.933" classname="smokeTest.loginPhpTravelsTest"/>
  <system-out/>
</testsuite> <!-- smokeTest.loginPhpTravelsTest -->
